<?xml version="1.0" encoding="UTF-8"?>
<testsuite name="com.uni.lab7.Lab7ApplicationTests" tests="1" skipped="0" failures="0" errors="0" timestamp="2025-11-10T16:51:50.185Z" hostname="ZXCBOOK" time="0.523">
  <properties/>
  <testcase name="contextLoads()" classname="com.uni.lab7.Lab7ApplicationTests" time="0.523"/>
  <system-out><![CDATA[21:51:44.556 [Test worker] INFO org.springframework.test.context.support.AnnotationConfigContextLoaderUtils -- Could not detect default configuration classes for test class [com.uni.lab7.Lab7ApplicationTests]: Lab7ApplicationTests does not declare any static, non-private, non-final, nested classes annotated with @Configuration.
21:51:44.698 [Test worker] INFO org.springframework.boot.test.context.SpringBootTestContextBootstrapper -- Found @SpringBootConfiguration com.uni.lab7.Lab7Application for test class com.uni.lab7.Lab7ApplicationTests

  .   ____          _            __ _ _
 /\\ / ___'_ __ _ _(_)_ __  __ _ \ \ \ \
( ( )\___ | '_ | '_| | '_ \/ _` | \ \ \ \
 \\/  ___)| |_)| | | | | || (_| |  ) ) ) )
  '  |____| .__|_| |_|_| |_\__, | / / / /
 =========|_|==============|___/=/_/_/_/

 :: Spring Boot ::                (v3.5.7)

2025-11-10T21:51:45.186+05:00  INFO 22488 --- [lab7] [    Test worker] com.uni.lab7.Lab7ApplicationTests        : Starting Lab7ApplicationTests using Java 17.0.14 with PID 22488 (started by crazy in C:\Programming\UNI\SE\lab7\SELab7)
2025-11-10T21:51:45.187+05:00  INFO 22488 --- [lab7] [    Test worker] com.uni.lab7.Lab7ApplicationTests        : No active profile set, falling back to 1 default profile: "default"
2025-11-10T21:51:45.944+05:00  INFO 22488 --- [lab7] [    Test worker] .s.d.r.c.RepositoryConfigurationDelegate : Bootstrapping Spring Data JPA repositories in DEFAULT mode.
2025-11-10T21:51:45.983+05:00  INFO 22488 --- [lab7] [    Test worker] .s.d.r.c.RepositoryConfigurationDelegate : Finished Spring Data repository scanning in 21 ms. Found 0 JPA repository interfaces.
2025-11-10T21:51:46.686+05:00  INFO 22488 --- [lab7] [    Test worker] o.hibernate.jpa.internal.util.LogHelper  : HHH000204: Processing PersistenceUnitInfo [name: default]
2025-11-10T21:51:46.790+05:00  INFO 22488 --- [lab7] [    Test worker] org.hibernate.Version                    : HHH000412: Hibernate ORM core version 6.6.33.Final
2025-11-10T21:51:46.866+05:00  INFO 22488 --- [lab7] [    Test worker] o.h.c.internal.RegionFactoryInitiator    : HHH000026: Second-level cache disabled
2025-11-10T21:51:47.232+05:00  INFO 22488 --- [lab7] [    Test worker] o.s.o.j.p.SpringPersistenceUnitInfo      : No LoadTimeWeaver setup: ignoring JPA class transformer
2025-11-10T21:51:47.273+05:00  INFO 22488 --- [lab7] [    Test worker] com.zaxxer.hikari.HikariDataSource       : HikariPool-1 - Starting...
2025-11-10T21:51:47.488+05:00  INFO 22488 --- [lab7] [    Test worker] com.zaxxer.hikari.pool.HikariPool        : HikariPool-1 - Added connection org.postgresql.jdbc.PgConnection@77a85e76
2025-11-10T21:51:47.490+05:00  INFO 22488 --- [lab7] [    Test worker] com.zaxxer.hikari.HikariDataSource       : HikariPool-1 - Start completed.
2025-11-10T21:51:47.538+05:00  WARN 22488 --- [lab7] [    Test worker] org.hibernate.orm.deprecation            : HHH90000025: PostgreSQLDialect does not need to be specified explicitly using 'hibernate.dialect' (remove the property setting and it will be selected by default)
2025-11-10T21:51:47.564+05:00  INFO 22488 --- [lab7] [    Test worker] org.hibernate.orm.connections.pooling    : HHH10001005: Database info:
	Database JDBC URL [Connecting through datasource 'HikariDataSource (HikariPool-1)']
	Database driver: undefined/unknown
	Database version: 16.10
	Autocommit mode: undefined/unknown
	Isolation level: undefined/unknown
	Minimum pool size: undefined/unknown
	Maximum pool size: undefined/unknown
2025-11-10T21:51:47.959+05:00  INFO 22488 --- [lab7] [    Test worker] o.h.e.t.j.p.i.JtaPlatformInitiator       : HHH000489: No JTA platform available (set 'hibernate.transaction.jta.platform' to enable JTA platform integration)
2025-11-10T21:51:47.965+05:00  INFO 22488 --- [lab7] [    Test worker] j.LocalContainerEntityManagerFactoryBean : Initialized JPA EntityManagerFactory for persistence unit 'default'
2025-11-10T21:51:48.286+05:00  WARN 22488 --- [lab7] [    Test worker] JpaBaseConfiguration$JpaWebConfiguration : spring.jpa.open-in-view is enabled by default. Therefore, database queries may be performed during view rendering. Explicitly configure spring.jpa.open-in-view to disable this warning
2025-11-10T21:51:49.908+05:00  WARN 22488 --- [lab7] [    Test worker] .s.s.UserDetailsServiceAutoConfiguration : 

Using generated security password: 4425b3e4-816e-4bde-b6e2-c4267c61610d

This generated password is for development use only. Your security configuration must be updated before running your application in production.

2025-11-10T21:51:49.920+05:00  INFO 22488 --- [lab7] [    Test worker] r$InitializeUserDetailsManagerConfigurer : Global AuthenticationManager configured with UserDetailsService bean with name inMemoryUserDetailsManager
2025-11-10T21:51:50.167+05:00  INFO 22488 --- [lab7] [    Test worker] com.uni.lab7.Lab7ApplicationTests        : Started Lab7ApplicationTests in 5.29 seconds (process running for 6.583)
]]></system-out>
  <system-err><![CDATA[]]></system-err>
</testsuite>
